Sat, 22 Jul 2023 05:59:09 GMT: successfully pushed image with reference bafybeidohf2ck4pkxkqtr2gza76otry2i26jqoqe52wmntxmzdanfhtgq4@sha256:2870d7a01a49eefd7b29ee152ec0c1a519141b589ffc6860e248f134099c9156
Sat, 22 Jul 2023 22:27:35 GMT: successfully pushed image with reference bafybeifvygcy36yg4lzee5vjswwvosc67cnvasu4kquwxyiopizi5nt7cm@sha256:619b456c0eccd08ffe54bf3e5d57fa892f9923083501db7f1fecf9d947d90667
Sat, 22 Jul 2023 22:47:28 GMT: successfully pushed image with reference bafybeidfj6exrqldatv242qfc2qopve7xruxkezzzwkolkjjxw5j66ip7m@sha256:a6150605cc1edd6d05a6c71d8c29aca409fed6337fa69aa4c78310b047fe394d
Thu, 27 Jul 2023 09:13:27 GMT: successfully pushed image with reference bafybeidwvp44osvumtsky7m2lz5o3u7flkh6qe6rqe6xlo7j3wtn4wnc5e@sha256:3a4299e6347f8702c33f44794e9217d1b33c7a6d5dacc7ac35be6cb74a29de80
Thu, 27 Jul 2023 09:28:05 GMT: successfully pushed image with reference bafybeibatiwl7owclbokowrkxadb26ryh6fwg6ptoe6fjsbjgmuod63l6u@sha256:3c501032670c24cd95dcf3678e41caf402395e1d85d9016745f3e8189cf459c6
Mon, 31 Jul 2023 15:30:22 GMT: successfully pushed image with reference bafybeibatiwl7owclbokowrkxadb26ryh6fwg6ptoe6fjsbjgmuod63l6u@sha256:3c501032670c24cd95dcf3678e41caf402395e1d85d9016745f3e8189cf459c6
Mon, 31 Jul 2023 16:11:00 GMT: successfully pushed image with reference bafybeid6pctgmvpwfjxhq2zkycjxyaebaytfpuzd7zsyrjw6ee4lbotuay@sha256:571c4175afabc07fa177cb4a1cb6d939851713861b4ba4ee86dfc8513f9b3f8c
Mon, 31 Jul 2023 21:26:44 GMT: successfully pushed image with reference bafybeiemlwqoml6k5l6scmqcocrrrjchoqfsd3h27ahholwduytkym43gy@sha256:f4c49a74e609374b52f105ad24406e4226f86e2a80e16b1ff372864daf538b35
Wed, 02 Aug 2023 15:33:53 GMT: successfully pushed image with reference bafybeiemlwqoml6k5l6scmqcocrrrjchoqfsd3h27ahholwduytkym43gy@sha256:f4c49a74e609374b52f105ad24406e4226f86e2a80e16b1ff372864daf538b35
Wed, 02 Aug 2023 16:19:25 GMT: successfully pushed image with reference bafybeiemlwqoml6k5l6scmqcocrrrjchoqfsd3h27ahholwduytkym43gy@sha256:f4c49a74e609374b52f105ad24406e4226f86e2a80e16b1ff372864daf538b35
Wed, 02 Aug 2023 20:25:27 GMT: successfully pushed image with reference bafybeic5wm5oejk6swknqzmo2kkulglgen2ipcizw7v5sxdtam4hyfbcli@sha256:aba998a696c0c31e4810ce3608b3b3162d6b3fb2b829b03c9df95f7c5a3b3159
Wed, 02 Aug 2023 21:19:40 GMT: successfully pushed image with reference bafybeiejo5bgzrzq7vooz3j77owh5racsemxyxarizywqlpwjdzw2m6fiq@sha256:ddfd965b198860fef110559f2fdfb181575328b1a073401c4d3f1100e3f5a233
Thu, 03 Aug 2023 08:19:59 GMT: successfully pushed image with reference bafybeieam25eplog37taqzur635yd4m5hf4zi5jrt3mguomsywmjhi223e@sha256:6b1b0ec897b88543b1effe0553915d578aa61019a05315fb9e8b24590d043ac6
Thu, 03 Aug 2023 08:37:04 GMT: successfully pushed image with reference bafybeicfrpnkj4mbl3yitcuuelkpwbdlfsalk7f46wsnopmxdwfvufr2fq@sha256:ac58af5ffb5dcc240b376e9050cb0c0b419f5bd278cefd9470e84bf4f1bd61e7
Thu, 03 Aug 2023 08:41:52 GMT: successfully pushed image with reference bafybeia5hl7ecye2bsgccfywthxofj5uaeuleu7bhbpqusszsfc3hdfoi4@sha256:acd1d604d8a2373a191356f234970f7aecde8bf0c227eab98729f71287cdaf6b
Thu, 03 Aug 2023 09:00:07 GMT: successfully pushed image with reference bafybeigmvoynljqbr5rp6qqrvmwbn3uaynvr2p7q2xukjjvj6tp4avbee4@sha256:8bd415dad13b9f232871daeaf73e85c6ad3e3f5754abca6cacb5119b553d1627
Thu, 03 Aug 2023 10:45:19 GMT: successfully pushed image with reference bafybeig6kyjtpkbur4r7xp6x7wbiec4trqw6lqtujheabrqsfbsozlhvae@sha256:9e5bf5b68d150bebd059aa6afd71d2ebd998ba04921ab1631f72f011fb6da9c5
Thu, 03 Aug 2023 11:04:06 GMT: successfully pushed image with reference bafybeigtsxsqncueltkrtpu6amfysrlzicxbjuwe2ib7jzcsvqmdnylqfq@sha256:48a0aba6fd9eb4638b59785b9d608d501b117e790ae3a03c15246001a745bc66
Thu, 03 Aug 2023 12:43:17 GMT: successfully pushed image with reference bafybeibn2cutfeipue3w2gq7y5rcojiklsunhvmof2ame2ucrur4yzoy3q@sha256:5e628ed3f568f1b9cc83d3f31bf8afedcc143c95850bd3575e703f69f00d720d
Thu, 03 Aug 2023 12:44:41 GMT: successfully pushed image with reference bafybeibsdisssepwmwwsr5nrdkh33hbwedn2f4a5o3yl4xkex5c2hxrsi4@sha256:8a5e4a3700a102c30ece547f8b9d5710eb2860d8fb9eada77a68284d579c0eb9
Thu, 03 Aug 2023 13:37:25 GMT: successfully pushed image with reference bafybeicyb5dg4xpyhe3mj2nijmiv2hkejhgfmxa7frnyfm6zpzsbvrcihu@sha256:b470d064774947358d466799a333b0fa0934c595ca5defdf6bf60f05a287fd92
Thu, 03 Aug 2023 13:45:11 GMT: successfully pushed image with reference bafybeifem37y3wlfd5fdjpjkqb77mts6get7hhcueydl57uy3lcr4lhggm@sha256:5f31e1576618bf5c08c7917be7a13e0f47f85f35f30a02b24eb51f64360f939b
Thu, 03 Aug 2023 14:00:33 GMT: successfully pushed image with reference bafybeic7rbqsyrvyrufelhwkaqz6oi6mlxqy6zlsewcpyyzseqh3cuiv4a@sha256:4715129ded4a182dd19965c1d28a93ac06335aef09a204cef0b627c02adedceb
Thu, 03 Aug 2023 16:09:22 GMT: successfully pushed image with reference bafybeiavsyysovhwfpu5nvqqhxgkheqmdwypwwoodf474ptkmrux6nw3ou@sha256:7506b04ebd05b45faf370d8c8fb1103c6fcc7913d8050f6b082b58e99affc06a
Thu, 03 Aug 2023 16:13:15 GMT: successfully pushed image with reference bafybeided6pjpf6yinyqbbnbvin6ngaxrp35gcsbus725cmnyzibirptty@sha256:f2a4a63af173f39741218234ab8db5fdb1371662f4e23be0ea0f15cd9968d488
